<?xml version="1.0" encoding="UTF-8"?>
<testng-results ignored="0" total="3" passed="3" failed="0" skipped="0">
  <reporter-output>
  </reporter-output>
  <suite started-at="2022-11-27T17:47:40Z" name="Suite1" finished-at="2022-11-27T17:47:49Z" duration-ms="9473">
    <groups>
      <group name="cucumber">
        <method signature="AbstractTestNGCucumberTests.runScenario(io.cucumber.testng.PickleWrapper, io.cucumber.testng.FeatureWrapper)[pri:0, instance:com.google.runner.TestRunner@10a9d961]" name="runScenario" class="io.cucumber.testng.AbstractTestNGCucumberTests"/>
      </group> <!-- cucumber -->
    </groups>
    <test started-at="2022-11-27T17:47:40Z" name="Nopackage" finished-at="2022-11-27T17:47:49Z" duration-ms="9473">
      <class name="com.google.runner.TestRunner">
        <test-method is-config="true" signature="setUpClass(org.testng.ITestContext)[pri:0, instance:com.google.runner.TestRunner@10a9d961]" started-at="2022-11-27T17:47:40Z" name="setUpClass" finished-at="2022-11-27T17:47:40Z" duration-ms="237" status="PASS">
          <params>
            <param index="0">
              <value>
                <![CDATA[org.testng.TestRunner@4dad0eed]]>
              </value>
            </param>
          </params>
          <reporter-output>
          </reporter-output>
        </test-method> <!-- setUpClass -->
        <test-method signature="runScenario(io.cucumber.testng.PickleWrapper, io.cucumber.testng.FeatureWrapper)[pri:0, instance:com.google.runner.TestRunner@10a9d961]" started-at="2022-11-27T17:47:40Z" name="runScenario" description="Runs Cucumber Scenarios" data-provider="scenarios" finished-at="2022-11-27T17:47:44Z" duration-ms="3857" status="PASS">
          <params>
            <param index="0">
              <value>
                <![CDATA["searching products in google"]]>
              </value>
            </param>
            <param index="1">
              <value>
                <![CDATA["searching products"]]>
              </value>
            </param>
          </params>
          <reporter-output>
          </reporter-output>
        </test-method> <!-- runScenario -->
        <test-method signature="runScenario(io.cucumber.testng.PickleWrapper, io.cucumber.testng.FeatureWrapper)[pri:0, instance:com.google.runner.TestRunner@10a9d961]" started-at="2022-11-27T17:47:44Z" name="runScenario" description="Runs Cucumber Scenarios" data-provider="scenarios" finished-at="2022-11-27T17:47:46Z" duration-ms="2504" status="PASS">
          <params>
            <param index="0">
              <value>
                <![CDATA["searching products in google"]]>
              </value>
            </param>
            <param index="1">
              <value>
                <![CDATA["searching products"]]>
              </value>
            </param>
          </params>
          <reporter-output>
          </reporter-output>
        </test-method> <!-- runScenario -->
        <test-method signature="runScenario(io.cucumber.testng.PickleWrapper, io.cucumber.testng.FeatureWrapper)[pri:0, instance:com.google.runner.TestRunner@10a9d961]" started-at="2022-11-27T17:47:46Z" name="runScenario" description="Runs Cucumber Scenarios" data-provider="scenarios" finished-at="2022-11-27T17:47:49Z" duration-ms="2834" status="PASS">
          <params>
            <param index="0">
              <value>
                <![CDATA["searching products in google"]]>
              </value>
            </param>
            <param index="1">
              <value>
                <![CDATA["searching products"]]>
              </value>
            </param>
          </params>
          <reporter-output>
          </reporter-output>
        </test-method> <!-- runScenario -->
        <test-method is-config="true" signature="tearDownClass()[pri:0, instance:com.google.runner.TestRunner@10a9d961]" started-at="2022-11-27T17:47:49Z" name="tearDownClass" finished-at="2022-11-27T17:47:49Z" duration-ms="20" status="PASS">
          <reporter-output>
          </reporter-output>
        </test-method> <!-- tearDownClass -->
      </class> <!-- com.google.runner.TestRunner -->
    </test> <!-- Nopackage -->
  </suite> <!-- Suite1 -->
</testng-results>
